Base path: C:/Program Files (x86)/Unity/Editor/Data
Pipe name: \\.\pipe\UnityShaderCompiler-6-7584
Cmd: getPlatforms
Cmd: compileSnippet
  api=1 type=0 insize=5715 outsize=194 kw=DIRECTIONAL SHADOWS_OFF LIGHTMAP_ON DIRLIGHTMAP_OFF ok=1
Cmd: compileSnippet
  api=8 type=0 insize=5715 outsize=8694 kw=DIRECTIONAL SHADOWS_OFF LIGHTMAP_OFF DIRLIGHTMAP_OFF VERTEXLIGHT_ON ok=1
Cmd: compileSnippet
  api=4 type=1 insize=5715 outsize=1128 kw=DIRECTIONAL SHADOWS_OFF LIGHTMAP_ON DIRLIGHTMAP_OFF ok=1
Cmd: compileSnippet
  api=4 type=1 insize=5715 outsize=1672 kw=DIRECTIONAL SHADOWS_SCREEN LIGHTMAP_ON DIRLIGHTMAP_OFF ok=1
Cmd: compileSnippet
  api=1 type=0 insize=3558 outsize=799 kw=SPOT ok=1
Cmd: compileSnippet
  api=1 type=0 insize=3558 outsize=780 kw=POINT_COOKIE ok=1
Cmd: compileSnippet
  api=8 type=1 insize=3558 outsize=5225 kw=DIRECTIONAL ok=1
Cmd: compileSnippet
  api=1 type=1 insize=3558 outsize=1145 kw=DIRECTIONAL_COOKIE ok=1
Unhandled exception: Readfile from pipe failed. GLE=The pipe has been ended.


Quitting shader compiler process
