Base path: C:/Program Files (x86)/Unity/Editor/Data
Pipe name: \\.\pipe\UnityShaderCompiler-3-7272
Cmd: getPlatforms
Cmd: compileSnippet
  api=8 type=0 insize=5715 outsize=2048 kw=DIRECTIONAL SHADOWS_OFF LIGHTMAP_ON DIRLIGHTMAP_OFF ok=1
Cmd: compileSnippet
  api=4 type=0 insize=5715 outsize=5702 kw=DIRECTIONAL SHADOWS_OFF LIGHTMAP_OFF DIRLIGHTMAP_OFF VERTEXLIGHT_ON ok=1
Cmd: compileSnippet
  api=1 type=1 insize=5715 outsize=1173 kw=DIRECTIONAL SHADOWS_SCREEN LIGHTMAP_OFF DIRLIGHTMAP_OFF ok=1
Cmd: compileSnippet
  api=8 type=1 insize=5715 outsize=2568 kw=DIRECTIONAL SHADOWS_SCREEN LIGHTMAP_ON DIRLIGHTMAP_OFF ok=1
Cmd: compileSnippet
  api=0 type=0 insize=3558 outsize=1023 kw=DIRECTIONAL ok=1
Cmd: compileSnippet
  api=0 type=0 insize=3558 outsize=1314 kw=POINT_COOKIE ok=1
Cmd: compileSnippet
  api=1 type=1 insize=3558 outsize=1377 kw=SPOT ok=1
Cmd: compileSnippet
  api=8 type=1 insize=3558 outsize=6078 kw=POINT_COOKIE ok=1
Unhandled exception: Readfile from pipe failed. GLE=The pipe has been ended.


Quitting shader compiler process
